<?xml version="1.0" encoding="UTF-8"?>
<testng-results ignored="0" total="2" passed="2" failed="0" skipped="0">
  <reporter-output>
  </reporter-output>
  <suite started-at="2022-10-01T14:40:35 IDT" name="Default suite" finished-at="2022-10-01T14:40:43 IDT" duration-ms="8562">
    <groups>
    </groups>
    <test started-at="2022-10-01T14:40:35 IDT" name="Default test" finished-at="2022-10-01T14:40:43 IDT" duration-ms="8562">
      <class name="TestPassword">
        <test-method is-config="true" signature="before()[pri:0, instance:TestPassword@3688eb5b]" started-at="2022-10-01T14:40:32 IDT" name="before" finished-at="2022-10-01T14:40:35 IDT" duration-ms="2569" status="PASS">
          <reporter-output>
          </reporter-output>
        </test-method> <!-- before -->
        <test-method signature="login()[pri:0, instance:TestPassword@3688eb5b]" started-at="2022-10-01T14:40:35 IDT" name="login" finished-at="2022-10-01T14:40:43 IDT" duration-ms="8483" status="PASS">
          <reporter-output>
          </reporter-output>
        </test-method> <!-- login -->
        <test-method signature="test22()[pri:0, instance:TestPassword@3688eb5b]" started-at="2022-10-01T14:40:43 IDT" name="test22" finished-at="2022-10-01T14:40:43 IDT" duration-ms="5" status="PASS">
          <reporter-output>
          </reporter-output>
        </test-method> <!-- test22 -->
        <test-method is-config="true" signature="after()[pri:0, instance:TestPassword@3688eb5b]" started-at="2022-10-01T14:40:43 IDT" name="after" finished-at="2022-10-01T14:40:44 IDT" duration-ms="941" status="PASS">
          <reporter-output>
          </reporter-output>
        </test-method> <!-- after -->
      </class> <!-- TestPassword -->
    </test> <!-- Default test -->
  </suite> <!-- Default suite -->
</testng-results>
